<?xml version="1.0" encoding="UTF-8"?>
<!-- Generated by org.testng.reporters.JUnitXMLReporter -->
<testsuite ignored="1" hostname="DESKTOP-6E68LNE" failures="0" tests="2" name="Default test" time="2.299" errors="0" timestamp="2025-01-05T14:55:08 EET">
  <testcase classname="mytestcaseSsucelap.MaintestCases" name="Login" time="0.37"/>
  <testcase classname="mytestcaseSsucelap.MaintestCases" name="AddCertainNumberOfItems" time="0.421"/>
  <testcase classname="mytestcaseSsucelap.MaintestCases" name="AddAllItems" time="0.0">
    <ignored/>
  </testcase> <!-- AddAllItems -->
</testsuite> <!-- Default test -->
