<?xml version="1.0" encoding="UTF-8"?>
<testng-results ignored="1" total="3" passed="2" failed="0" skipped="0">
  <reporter-output>
  </reporter-output>
  <suite started-at="2025-01-05T14:55:05 EET" name="Default suite" finished-at="2025-01-05T14:55:08 EET" duration-ms="2299">
    <groups>
    </groups>
    <test started-at="2025-01-05T14:55:05 EET" name="Default test" finished-at="2025-01-05T14:55:08 EET" duration-ms="2299">
      <class name="mytestcaseSsucelap.MaintestCases">
        <test-method is-config="true" signature="MySetup()[pri:0, instance:mytestcaseSsucelap.MaintestCases@5ef6ae06]" started-at="2025-01-05T14:55:05 EET" name="MySetup" finished-at="2025-01-05T14:55:07 EET" duration-ms="1470" status="PASS">
          <reporter-output>
          </reporter-output>
        </test-method> <!-- MySetup -->
        <test-method signature="Login()[pri:0, instance:mytestcaseSsucelap.MaintestCases@5ef6ae06]" started-at="2025-01-05T14:55:07 EET" name="Login" finished-at="2025-01-05T14:55:07 EET" duration-ms="370" status="PASS">
          <reporter-output>
          </reporter-output>
        </test-method> <!-- Login -->
        <test-method signature="AddCertainNumberOfItems()[pri:2, instance:mytestcaseSsucelap.MaintestCases@5ef6ae06]" started-at="2025-01-05T14:55:07 EET" name="AddCertainNumberOfItems" finished-at="2025-01-05T14:55:08 EET" duration-ms="421" status="PASS">
          <reporter-output>
          </reporter-output>
        </test-method> <!-- AddCertainNumberOfItems -->
      </class> <!-- mytestcaseSsucelap.MaintestCases -->
    </test> <!-- Default test -->
  </suite> <!-- Default suite -->
</testng-results>
